<?xml version="1.0" encoding="utf-8"?><testsuites name="pytest tests"><testsuite name="pytest" errors="0" failures="0" skipped="0" tests="22" time="8.853" timestamp="2026-05-13T15:08:18.715864+00:00" hostname="agent-env-d2b758cd-1949-499a-842b-9e5ef8eedfed"><testcase classname="backend.tests.backend_test.TestHealth" name="test_root" time="0.301" /><testcase classname="backend.tests.backend_test.TestAuth" name="test_register_login_me_logout" time="1.255" /><testcase classname="backend.tests.backend_test.TestAuth" name="test_login_invalid" time="0.276" /><testcase classname="backend.tests.backend_test.TestAuth" name="test_duplicate_email" time="0.627" /><testcase classname="backend.tests.backend_test.TestAuth" name="test_admin_login" time="0.538" /><testcase classname="backend.tests.backend_test.TestMeta" name="test_categories" time="0.156" /><testcase classname="backend.tests.backend_test.TestMeta" name="test_stats" time="0.219" /><testcase classname="backend.tests.backend_test.TestProjects" name="test_list_recent" time="0.161" /><testcase classname="backend.tests.backend_test.TestProjects" name="test_list_trending_sorted" time="0.269" /><testcase classname="backend.tests.backend_test.TestProjects" name="test_category_filter" time="0.237" /><testcase classname="backend.tests.backend_test.TestProjects" name="test_search_query" time="0.146" /><testcase classname="backend.tests.backend_test.TestProjects" name="test_leaderboard_periods" time="0.484" /><testcase classname="backend.tests.backend_test.TestProjects" name="test_create_get_update_delete_project" time="1.691" /><testcase classname="backend.tests.backend_test.TestProjects" name="test_create_project_requires_auth" time="0.177" /><testcase classname="backend.tests.backend_test.TestUpvotes" name="test_toggle_upvote" time="0.367" /><testcase classname="backend.tests.backend_test.TestUpvotes" name="test_upvote_requires_auth" time="0.203" /><testcase classname="backend.tests.backend_test.TestComments" name="test_comments_crud" time="0.397" /><testcase classname="backend.tests.backend_test.TestProfiles" name="test_get_user_profile" time="0.146" /><testcase classname="backend.tests.backend_test.TestProfiles" name="test_get_user_404" time="0.154" /><testcase classname="backend.tests.backend_test.TestProfiles" name="test_update_profile" time="0.138" /><testcase classname="backend.tests.backend_test.TestUpload" name="test_upload_requires_auth" time="0.155" /><testcase classname="backend.tests.backend_test.TestUpload" name="test_upload_and_fetch" time="0.584" /></testsuite></testsuites>